小米便签/build/outputs/logs/manifest-merger-debug-report.txt
-- Merging decision tree log ---
manifest
ADDED from AndroidManifest.xml:18:1
	xmlns:android
		ADDED from AndroidManifest.xml:18:11
	package
		ADDED from AndroidManifest.xml:19:5
		INJECTED from AndroidManifest.xml:0:0
		INJECTED from AndroidManifest.xml:0:0
	android:versionName
		ADDED from AndroidManifest.xml:21:5
	android:versionCode
		ADDED from AndroidManifest.xml:20:5
		INJECTED from AndroidManifest.xml:0:0
		INJECTED from AndroidManifest.xml:0:0
uses-sdk
ADDED from AndroidManifest.xml:23:5
	android:targetSdkVersion
		INJECTED from AndroidManifest.xml:0:0
		INJECTED from AndroidManifest.xml:0:0
	android:minSdkVersion
		ADDED from AndroidManifest.xml:23:15
		INJECTED from AndroidManifest.xml:0:0
		INJECTED from AndroidManifest.xml:0:0
uses-permission#android.permission.WRITE_EXTERNAL_STORAGE
ADDED from AndroidManifest.xml:25:5
	android:name
		ADDED from AndroidManifest.xml:25:22
uses-permission#com.android.launcher.permission.INSTALL_SHORTCUT
ADDED from AndroidManifest.xml:26:5
	android:name
		ADDED from AndroidManifest.xml:26:22
uses-permission#android.permission.INTERNET
ADDED from AndroidManifest.xml:27:5
	android:name
		ADDED from AndroidManifest.xml:27:22
uses-permission#android.permission.READ_CONTACTS
ADDED from AndroidManifest.xml:28:5
	android:name
		ADDED from AndroidManifest.xml:28:22
uses-permission#android.permission.MANAGE_ACCOUNTS
ADDED from AndroidManifest.xml:29:5
	android:name
		ADDED from AndroidManifest.xml:29:22
uses-permission#android.permission.AUTHENTICATE_ACCOUNTS
ADDED from AndroidManifest.xml:30:5
	android:name
		ADDED from AndroidManifest.xml:30:22
uses-permission#android.permission.GET_ACCOUNTS
ADDED from AndroidManifest.xml:31:5
	android:name
		ADDED from AndroidManifest.xml:31:22
uses-permission#android.permission.USE_CREDENTIALS
ADDED from AndroidManifest.xml:32:5
	android:name
		ADDED from AndroidManifest.xml:32:22
uses-permission#android.permission.RECEIVE_BOOT_COMPLETED
ADDED from AndroidManifest.xml:33:5
	android:name
		ADDED from AndroidManifest.xml:33:22
application
ADDED from AndroidManifest.xml:35:5
	android:label
		ADDED from AndroidManifest.xml:37:9
	android:icon
		ADDED from AndroidManifest.xml:36:9
activity#net.micode.notes.ui.NotesListActivity
ADDED from AndroidManifest.xml:38:9
	android:windowSoftInputMode
		ADDED from AndroidManifest.xml:45:13
	android:label
		ADDED from AndroidManifest.xml:41:13
	android:uiOptions
		ADDED from AndroidManifest.xml:44:13
	android:configChanges
		ADDED from AndroidManifest.xml:40:13
	android:theme
		ADDED from AndroidManifest.xml:43:13
	android:name
		ADDED from AndroidManifest.xml:39:13
	android:launchMode
		ADDED from AndroidManifest.xml:42:13
intent-filter#android.intent.action.MAIN+android.intent.category.LAUNCHER
ADDED from AndroidManifest.xml:47:13
action#android.intent.action.MAIN
ADDED from AndroidManifest.xml:48:17
	android:name
		ADDED from AndroidManifest.xml:48:25
category#android.intent.category.LAUNCHER
ADDED from AndroidManifest.xml:49:17
	android:name
		ADDED from AndroidManifest.xml:49:27
activity#net.micode.notes.ui.NoteEditActivity
ADDED from AndroidManifest.xml:53:9
	android:configChanges
		ADDED from AndroidManifest.xml:55:13
	android:theme
		ADDED from AndroidManifest.xml:57:13
	android:name
		ADDED from AndroidManifest.xml:54:13
	android:launchMode
		ADDED from AndroidManifest.xml:56:13
intent-filter#android.intent.action.VIEW+android.intent.category.DEFAULT
ADDED from AndroidManifest.xml:59:13
action#android.intent.action.VIEW
ADDED from AndroidManifest.xml:60:17
	android:name
		ADDED from AndroidManifest.xml:60:25
category#android.intent.category.DEFAULT
ADDED from AndroidManifest.xml:61:17
	android:name
		ADDED from AndroidManifest.xml:61:27
data
ADDED from AndroidManifest.xml:62:17
	android:mimeType
		ADDED from AndroidManifest.xml:62:23
intent-filter#android.intent.action.INSERT_OR_EDIT+android.intent.category.DEFAULT
ADDED from AndroidManifest.xml:66:13
action#android.intent.action.INSERT_OR_EDIT
ADDED from AndroidManifest.xml:67:17
	android:name
		ADDED from AndroidManifest.xml:67:25
intent-filter#android.intent.action.SEARCH+android.intent.category.DEFAULT
ADDED from AndroidManifest.xml:73:13
action#android.intent.action.SEARCH
ADDED from AndroidManifest.xml:74:17
	android:name
		ADDED from AndroidManifest.xml:74:25
meta-data#android.app.searchable
ADDED from AndroidManifest.xml:78:13
	android:resource
		ADDED from AndroidManifest.xml:80:17
	android:name
		ADDED from AndroidManifest.xml:79:17
provider#net.micode.notes.data.NotesProvider
ADDED from AndroidManifest.xml:83:9
	android:multiprocess
		ADDED from AndroidManifest.xml:86:13
	android:authorities
		ADDED from AndroidManifest.xml:85:13
	android:name
		ADDED from AndroidManifest.xml:84:13
receiver#net.micode.notes.widget.NoteWidgetProvider_2x
ADDED from AndroidManifest.xml:88:9
	android:label
		ADDED from AndroidManifest.xml:90:13
	android:name
		ADDED from AndroidManifest.xml:89:13
intent-filter#android.appwidget.action.APPWIDGET_DELETED+android.appwidget.action.APPWIDGET_UPDATE+android.intent.action.PRIVACY_MODE_CHANGED
ADDED from AndroidManifest.xml:91:13
action#android.appwidget.action.APPWIDGET_UPDATE
ADDED from AndroidManifest.xml:92:17
	android:name
		ADDED from AndroidManifest.xml:92:25
action#android.appwidget.action.APPWIDGET_DELETED
ADDED from AndroidManifest.xml:93:17
	android:name
		ADDED from AndroidManifest.xml:93:25
action#android.intent.action.PRIVACY_MODE_CHANGED
ADDED from AndroidManifest.xml:94:17
	android:name
		ADDED from AndroidManifest.xml:94:25
meta-data#android.appwidget.provider
ADDED from AndroidManifest.xml:97:13
	android:resource
		ADDED from AndroidManifest.xml:99:17
	android:name
		ADDED from AndroidManifest.xml:98:17
receiver#net.micode.notes.widget.NoteWidgetProvider_4x
ADDED from AndroidManifest.xml:101:9
	android:label
		ADDED from AndroidManifest.xml:103:13
	android:name
		ADDED from AndroidManifest.xml:102:13
receiver#net.micode.notes.ui.AlarmInitReceiver
ADDED from AndroidManifest.xml:116:9
	android:name
		ADDED from AndroidManifest.xml:116:19
intent-filter#android.intent.action.BOOT_COMPLETED
ADDED from AndroidManifest.xml:117:13
action#android.intent.action.BOOT_COMPLETED
ADDED from AndroidManifest.xml:118:17
	android:name
		ADDED from AndroidManifest.xml:118:25
receiver#net.micode.notes.ui.AlarmReceiver
ADDED from AndroidManifest.xml:122:9
	android:process
		ADDED from AndroidManifest.xml:124:13
	android:name
		ADDED from AndroidManifest.xml:123:13
activity#net.micode.notes.ui.AlarmAlertActivity
ADDED from AndroidManifest.xml:127:9
	android:label
		ADDED from AndroidManifest.xml:129:13
	android:theme
		ADDED from AndroidManifest.xml:131:13
	android:name
		ADDED from AndroidManifest.xml:128:13
	android:launchMode
		ADDED from AndroidManifest.xml:130:13
activity#net.micode.notes.ui.NotesPreferenceActivity
ADDED from AndroidManifest.xml:134:9
	android:label
		ADDED from AndroidManifest.xml:136:13
	android:theme
		ADDED from AndroidManifest.xml:138:13
	android:name
		ADDED from AndroidManifest.xml:135:13
	android:launchMode
		ADDED from AndroidManifest.xml:137:13
service#net.micode.notes.gtask.remote.GTaskSyncService
ADDED from AndroidManifest.xml:141:9
	android:exported
		ADDED from AndroidManifest.xml:143:13
	android:name
		ADDED from AndroidManifest.xml:142:13
meta-data#android.app.default_searchable
ADDED from AndroidManifest.xml:146:9
	android:name
		ADDED from AndroidManifest.xml:147:13
	android:value
		ADDED from AndroidManifest.xml:148:13